3 November 2024 at 22:52:29 -- GET - / - 304 - 0 bytes - 47ms
3 November 2024 at 22:52:38 -- POST - / - 201 - 22 bytes - 23ms
3 November 2024 at 22:53:52 -- POST - / - 201 - 22 bytes - 70ms
3 November 2024 at 23:21:01 -- GET - / - 304 - 0 bytes - 28ms
3 November 2024 at 23:54:10 -- GET - /api/v1/ - 500 - 1325 bytes - 31ms
3 November 2024 at 23:54:52 -- GET - /api/v1/ - 200 - 82 bytes - 3400ms
3 November 2024 at 23:55:29 -- GET - /api/v1/ - 200 - 112 bytes - 500ms
3 November 2024 at 23:57:34 -- GET - /api/v1/ - 200 - 111 bytes - 21ms
4 November 2024 at 00:12:51 -- GET - / - 304 - 0 bytes - 28ms
4 November 2024 at 00:12:55 -- GET - /api/v1 - 200 - 111 bytes - 296ms
4 November 2024 at 00:12:59 -- GET - / - 500 - 1286 bytes - 4ms
4 November 2024 at 00:13:50 -- GET - / - 500 - 1291 bytes - 34ms
4 November 2024 at 00:13:53 -- GET - / - 500 - 1291 bytes - 3ms
4 November 2024 at 00:21:49 -- GET - / - 200 - 32 bytes - 60ms
4 November 2024 at 00:23:07 -- GET - / - 304 - 0 bytes - 37ms
4 November 2024 at 00:23:07 -- GET - / - 304 - 0 bytes - 3ms
4 November 2024 at 00:24:20 -- GET - / - 304 - 0 bytes - 34ms
4 November 2024 at 00:24:21 -- GET - / - 304 - 0 bytes - 2ms
4 November 2024 at 00:26:28 -- GET - / - 304 - 0 bytes - 36ms
4 November 2024 at 00:34:51 -- GET - / - 304 - 0 bytes - 35ms
4 November 2024 at 00:35:24 -- GET - / - 304 - 0 bytes - 3ms
4 November 2024 at 22:20:14 -- POST - / - 201 - 0 bytes - 193ms
4 November 2024 at 22:20:32 -- GET - / - 200 - 84 bytes - 4ms
4 November 2024 at 22:21:32 -- POST - / - 201 - 22 bytes - 1553ms
4 November 2024 at 22:21:39 -- GET - / - 200 - 102 bytes - 2ms
4 November 2024 at 22:22:10 -- POST - / - 201 - 22 bytes - 4557ms
4 November 2024 at 22:29:04 -- POST - / - 201 - 22 bytes - 552ms
5 November 2024 at 16:38:41 -- GET - /4 - 404 - 33 bytes - 29ms
5 November 2024 at 17:13:27 -- GET - /4 - 200 - 65 bytes - 6062ms
5 November 2024 at 17:16:19 -- GET - /4 - 200 - 65 bytes - 6048ms
5 November 2024 at 17:19:51 -- GET - /4 - 200 - 82 bytes - 6072ms
5 November 2024 at 17:23:56 -- GET - /4 - 200 - 82 bytes - 6069ms
5 November 2024 at 17:24:45 -- GET - /api/v1/users/commits/4 - 404 - 161 bytes - 35ms
5 November 2024 at 17:25:15 -- GET - /commits/4 - 200 - 82 bytes - 6073ms
5 November 2024 at 17:25:48 -- GET - /commits/4 - 200 - 82 bytes - 3060ms
5 November 2024 at 17:27:52 -- GET - /commits/4 - 200 - 179 bytes - 6055ms
5 November 2024 at 17:29:37 -- GET - /commits/4 - 200 - 147 bytes - 3036ms
5 November 2024 at 17:30:50 -- GET - /commits/4 - 500 - 17 bytes - 2066ms
5 November 2024 at 17:30:56 -- GET - /commits/4 - 500 - 17 bytes - 2026ms
5 November 2024 at 17:31:10 -- GET - /commits/4 - 500 - 17 bytes - 2020ms
5 November 2024 at 17:32:08 -- GET - /commits/4 - 200 - 125 bytes - 3069ms
5 November 2024 at 17:34:12 -- GET - /commits/4 - 200 - 149 bytes - 3070ms
5 November 2024 at 17:34:35 -- GET - /commits/4 - 200 - 149 bytes - 3070ms
6 November 2024 at 16:55:53 -- GET - /4 - 404 - 33 bytes - 30ms
6 November 2024 at 16:56:22 -- GET - /api/v1/users/4 - 404 - 153 bytes - 3ms
6 November 2024 at 16:57:13 -- GET - /api/v1/users/3 - 404 - 153 bytes - 1ms
6 November 2024 at 16:57:53 -- GET - /api/v1/commits/4 - 404 - 155 bytes - 1ms
6 November 2024 at 16:58:03 -- GET - /api/v1/commits/3 - 404 - 155 bytes - 1ms
6 November 2024 at 16:59:48 -- GET - /api/v1/commits/3 - 404 - 155 bytes - 2ms
6 November 2024 at 17:00:14 -- GET - /commits/3 - 200 - 149 bytes - 3029ms
6 November 2024 at 17:00:17 -- GET - /favicon.ico - 404 - 150 bytes - 1ms
6 November 2024 at 17:00:53 -- GET - /commits/3 - 200 - 149 bytes - 3031ms
6 November 2024 at 17:51:17 -- GET - /favicon.ico - 404 - 150 bytes - 2ms
6 November 2024 at 17:52:50 -- GET - /commits/3 - 200 - 134 bytes - 3053ms
6 November 2024 at 17:54:03 -- GET - /commits/3 - 200 - 149 bytes - 3060ms
6 November 2024 at 18:09:24 -- GET - /commits/3 - 500 - 17 bytes - 1034ms
6 November 2024 at 18:09:35 -- GET - /commits/3 - 200 - 0 bytes - 1034ms
6 November 2024 at 18:09:45 -- GET - /commits/3 - 200 - 0 bytes - 1014ms
6 November 2024 at 18:09:57 -- GET - /commits/3 - 200 - 33 bytes - 1045ms
6 November 2024 at 18:10:35 -- GET - /commits/3 - 200 - 233 bytes - 1049ms
6 November 2024 at 18:11:05 -- GET - /commits/3 - 200 - 197 bytes - 1046ms
6 November 2024 at 18:11:17 -- GET - /commits/3 - 200 - 89 bytes - 1049ms
6 November 2024 at 18:17:20 -- GET - /commits/3 - 200 - 152 bytes - 3071ms
6 November 2024 at 18:21:08 -- GET - /commits/3 - 200 - 149 bytes - 3067ms
6 November 2024 at 18:21:51 -- GET - /3 - 200 - 149 bytes - 3059ms
6 November 2024 at 18:22:05 -- GET - /3 - 200 - 149 bytes - 3026ms
6 November 2024 at 18:24:16 -- GET - /3 - 304 - 0 bytes - 3067ms
7 November 2024 at 21:36:31 -- GET - / - 500 - 21 bytes - 179ms
7 November 2024 at 21:36:32 -- GET - /favicon.ico - 404 - 150 bytes - 4ms
7 November 2024 at 21:36:55 -- GET - /api/v1 - 200 - 111 bytes - 328ms
7 November 2024 at 21:37:00 -- GET - /api/v1/users - 404 - 151 bytes - 5ms
7 November 2024 at 21:37:06 -- GET - / - 200 - 79 bytes - 6ms
7 November 2024 at 21:37:26 -- GET - / - 304 - 0 bytes - 7ms
7 November 2024 at 22:27:54 -- GET - /api/v1/customer - 404 - 154 bytes - 229ms
7 November 2024 at 22:28:00 -- GET - /api/v1/customer/3 - 404 - 156 bytes - 11ms
7 November 2024 at 22:34:12 -- GET - /3 - 200 - 54 bytes - 1612ms
7 November 2024 at 22:37:07 -- GET - /3 - 304 - 0 bytes - 1521ms
